This file contains any messages produced by compilers while
running configure, to aid debugging if configure makes a mistake.

It was created by libwebsockets configure 0.3, which was
generated by GNU Autoconf 2.68.  Invocation command line was

  $ ./configure --enable-nofork

## --------- ##
## Platform. ##
## --------- ##

hostname = finchuser
uname -m = i686
uname -r = 2.6.35-22-generic
uname -s = Linux
uname -v = #33-Ubuntu SMP Sun Sep 19 20:34:50 UTC 2010

/usr/bin/uname -p = unknown
/bin/uname -X     = unknown

/bin/arch              = unknown
/usr/bin/arch -k       = unknown
/usr/convex/getsysinfo = unknown
/usr/bin/hostinfo      = unknown
/bin/machine           = unknown
/usr/bin/oslevel       = unknown
/bin/universe          = unknown

PATH: /usr/local/sbin
PATH: /usr/local/bin
PATH: /usr/sbin
PATH: /usr/bin
PATH: /sbin
PATH: /bin
PATH: /usr/X11R6/bin


## ----------- ##
## Core tests. ##
## ----------- ##

configure:2301: checking for a BSD-compatible install
configure:2369: result: /usr/bin/install -c
configure:2380: checking whether build environment is sane
configure:2430: result: yes
configure:2571: checking for a thread-safe mkdir -p
configure:2610: result: /bin/mkdir -p
configure:2623: checking for gawk
configure:2653: result: no
configure:2623: checking for mawk
configure:2639: found /usr/bin/mawk
configure:2650: result: mawk
configure:2661: checking whether make sets $(MAKE)
configure:2683: result: yes
configure:2792: checking build system type
configure:2806: result: i686-pc-linux-gnu
configure:2826: checking host system type
configure:2839: result: i686-pc-linux-gnu
configure:2880: checking how to print strings
configure:2907: result: printf
configure:2940: checking for style of include used by make
configure:2968: result: GNU
configure:3038: checking for gcc
configure:3054: found /usr/bin/gcc
configure:3065: result: gcc
configure:3294: checking for C compiler version
configure:3303: gcc --version >&5
gcc (Ubuntu/Linaro 4.4.4-14ubuntu5) 4.4.5
Copyright (C) 2010 Free Software Foundation, Inc.
This is free software; see the source for copying conditions.  There is NO
warranty; not even for MERCHANTABILITY or FITNESS FOR A PARTICULAR PURPOSE.

configure:3314: $? = 0
configure:3303: gcc -v >&5
Using built-in specs.
Target: i686-linux-gnu
Configured with: ../src/configure -v --with-pkgversion='Ubuntu/Linaro 4.4.4-14ubuntu5' --with-bugurl=file:///usr/share/doc/gcc-4.4/README.Bugs --enable-languages=c,c++,fortran,objc,obj-c++ --prefix=/usr --program-suffix=-4.4 --enable-shared --enable-multiarch --enable-linker-build-id --with-system-zlib --libexecdir=/usr/lib --without-included-gettext --enable-threads=posix --with-gxx-include-dir=/usr/include/c++/4.4 --libdir=/usr/lib --enable-nls --with-sysroot=/ --enable-clocale=gnu --enable-libstdcxx-debug --enable-objc-gc --enable-targets=all --disable-werror --with-arch-32=i686 --with-tune=generic --enable-checking=release --build=i686-linux-gnu --host=i686-linux-gnu --target=i686-linux-gnu
Thread model: posix
gcc version 4.4.5 (Ubuntu/Linaro 4.4.4-14ubuntu5) 
configure:3314: $? = 0
configure:3303: gcc -V >&5
gcc: '-V' option must have argument
configure:3314: $? = 1
configure:3303: gcc -qversion >&5
gcc: unrecognized option '-qversion'
gcc: no input files
configure:3314: $? = 1
configure:3334: checking whether the C compiler works
configure:3356: gcc    conftest.c  >&5
configure:3360: $? = 0
configure:3408: result: yes
configure:3411: checking for C compiler default output file name
configure:3413: result: a.out
configure:3419: checking for suffix of executables
configure:3426: gcc -o conftest    conftest.c  >&5
configure:3430: $? = 0
configure:3452: result: 
configure:3474: checking whether we are cross compiling
configure:3482: gcc -o conftest    conftest.c  >&5
configure:3486: $? = 0
configure:3493: ./conftest
configure:3497: $? = 0
configure:3512: result: no
configure:3517: checking for suffix of object files
configure:3539: gcc -c   conftest.c >&5
configure:3543: $? = 0
configure:3564: result: o
configure:3568: checking whether we are using the GNU C compiler
configure:3587: gcc -c   conftest.c >&5
configure:3587: $? = 0
configure:3596: result: yes
configure:3605: checking whether gcc accepts -g
configure:3625: gcc -c -g  conftest.c >&5
configure:3625: $? = 0
configure:3666: result: yes
configure:3683: checking for gcc option to accept ISO C89
configure:3747: gcc  -c -g -O2  conftest.c >&5
configure:3747: $? = 0
configure:3760: result: none needed
configure:3782: checking dependency style of gcc
configure:3892: result: gcc3
configure:3907: checking for a sed that does not truncate output
configure:3971: result: /bin/sed
configure:3989: checking for grep that handles long lines and -e
configure:4047: result: /bin/grep
configure:4052: checking for egrep
configure:4114: result: /bin/grep -E
configure:4119: checking for fgrep
configure:4181: result: /bin/grep -F
configure:4216: checking for ld used by gcc
configure:4283: result: /usr/bin/ld
configure:4290: checking if the linker (/usr/bin/ld) is GNU ld
configure:4305: result: yes
configure:4317: checking for BSD- or MS-compatible name lister (nm)
configure:4366: result: /usr/bin/nm -B
configure:4496: checking the name lister (/usr/bin/nm -B) interface
configure:4503: gcc -c -g -O2  conftest.c >&5
configure:4506: /usr/bin/nm -B "conftest.o"
configure:4509: output
00000000 B some_variable
configure:4516: result: BSD nm
configure:4519: checking whether ln -s works
configure:4523: result: yes
configure:4531: checking the maximum length of command line arguments
configure:4656: result: 1572864
configure:4673: checking whether the shell understands some XSI constructs
configure:4683: result: yes
configure:4687: checking whether the shell understands "+="
configure:4693: result: yes
configure:4728: checking how to convert i686-pc-linux-gnu file names to i686-pc-linux-gnu format
configure:4768: result: func_convert_file_noop
configure:4775: checking how to convert i686-pc-linux-gnu file names to toolchain format
configure:4795: result: func_convert_file_noop
configure:4802: checking for /usr/bin/ld option to reload object files
configure:4809: result: -r
configure:4883: checking for objdump
configure:4899: found /usr/bin/objdump
configure:4910: result: objdump
configure:4942: checking how to recognize dependent libraries
configure:5144: result: pass_all
configure:5229: checking for dlltool
configure:5259: result: no
configure:5289: checking how to associate runtime and link libraries
configure:5316: result: printf %s\n
configure:5377: checking for ar
configure:5393: found /usr/bin/ar
configure:5404: result: ar
configure:5441: checking for archiver @FILE support
configure:5458: gcc -c -g -O2  conftest.c >&5
configure:5458: $? = 0
configure:5461: ar cru libconftest.a @conftest.lst >&5
configure:5464: $? = 0
configure:5469: ar cru libconftest.a @conftest.lst >&5
ar: conftest.o: No such file or directory
configure:5472: $? = 1
configure:5484: result: @
configure:5542: checking for strip
configure:5558: found /usr/bin/strip
configure:5569: result: strip
configure:5641: checking for ranlib
configure:5657: found /usr/bin/ranlib
configure:5668: result: ranlib
configure:5770: checking command to parse /usr/bin/nm -B output from gcc object
configure:5889: gcc -c -g -O2  conftest.c >&5
configure:5892: $? = 0
configure:5896: /usr/bin/nm -B conftest.o \| sed -n -e 's/^.*[ ]\([ABCDGIRSTW][ABCDGIRSTW]*\)[ ][ ]*\([_A-Za-z][_A-Za-z0-9]*\)$/\1 \2 \2/p' | sed '/ __gnu_lto/d' \> conftest.nm
configure:5899: $? = 0
configure:5965: gcc -o conftest -g -O2   conftest.c conftstm.o >&5
configure:5968: $? = 0
configure:6006: result: ok
configure:6043: checking for sysroot
configure:6073: result: no
configure:6316: checking for mt
configure:6332: found /bin/mt
configure:6343: result: mt
configure:6366: checking if mt is a manifest tool
configure:6372: mt '-?'
configure:6380: result: no
configure:7012: checking how to run the C preprocessor
configure:7043: gcc -E  conftest.c
configure:7043: $? = 0
configure:7057: gcc -E  conftest.c
conftest.c:11: fatal error: ac_nonexistent.h: No such file or directory
compilation terminated.
configure:7057: $? = 1
configure: failed program was:
| /* confdefs.h */
| #define PACKAGE_NAME "libwebsockets"
| #define PACKAGE_TARNAME "libwebsockets"
| #define PACKAGE_VERSION "0.3"
| #define PACKAGE_STRING "libwebsockets 0.3"
| #define PACKAGE_BUGREPORT "andy@warmcat.com"
| #define PACKAGE_URL ""
| #define PACKAGE "libwebsockets"
| #define VERSION "0.3"
| /* end confdefs.h.  */
| #include <ac_nonexistent.h>
configure:7082: result: gcc -E
configure:7102: gcc -E  conftest.c
configure:7102: $? = 0
configure:7116: gcc -E  conftest.c
conftest.c:11: fatal error: ac_nonexistent.h: No such file or directory
compilation terminated.
configure:7116: $? = 1
configure: failed program was:
| /* confdefs.h */
| #define PACKAGE_NAME "libwebsockets"
| #define PACKAGE_TARNAME "libwebsockets"
| #define PACKAGE_VERSION "0.3"
| #define PACKAGE_STRING "libwebsockets 0.3"
| #define PACKAGE_BUGREPORT "andy@warmcat.com"
| #define PACKAGE_URL ""
| #define PACKAGE "libwebsockets"
| #define VERSION "0.3"
| /* end confdefs.h.  */
| #include <ac_nonexistent.h>
configure:7145: checking for ANSI C header files
configure:7165: gcc -c -g -O2  conftest.c >&5
configure:7165: $? = 0
configure:7238: gcc -o conftest -g -O2   conftest.c  >&5
configure:7238: $? = 0
configure:7238: ./conftest
configure:7238: $? = 0
configure:7249: result: yes
configure:7262: checking for sys/types.h
configure:7262: gcc -c -g -O2  conftest.c >&5
configure:7262: $? = 0
configure:7262: result: yes
configure:7262: checking for sys/stat.h
configure:7262: gcc -c -g -O2  conftest.c >&5
configure:7262: $? = 0
configure:7262: result: yes
configure:7262: checking for stdlib.h
configure:7262: gcc -c -g -O2  conftest.c >&5
configure:7262: $? = 0
configure:7262: result: yes
configure:7262: checking for string.h
configure:7262: gcc -c -g -O2  conftest.c >&5
configure:7262: $? = 0
configure:7262: result: yes
configure:7262: checking for memory.h
configure:7262: gcc -c -g -O2  conftest.c >&5
configure:7262: $? = 0
configure:7262: result: yes
configure:7262: checking for strings.h
configure:7262: gcc -c -g -O2  conftest.c >&5
configure:7262: $? = 0
configure:7262: result: yes
configure:7262: checking for inttypes.h
configure:7262: gcc -c -g -O2  conftest.c >&5
configure:7262: $? = 0
configure:7262: result: yes
configure:7262: checking for stdint.h
configure:7262: gcc -c -g -O2  conftest.c >&5
configure:7262: $? = 0
configure:7262: result: yes
configure:7262: checking for unistd.h
configure:7262: gcc -c -g -O2  conftest.c >&5
configure:7262: $? = 0
configure:7262: result: yes
configure:7276: checking for dlfcn.h
configure:7276: gcc -c -g -O2  conftest.c >&5
configure:7276: $? = 0
configure:7276: result: yes
configure:7462: checking for objdir
configure:7477: result: .libs
configure:7744: checking if gcc supports -fno-rtti -fno-exceptions
configure:7762: gcc -c -g -O2  -fno-rtti -fno-exceptions conftest.c >&5
cc1: warning: command line option "-fno-rtti" is valid for C++/ObjC++ but not for C
configure:7766: $? = 0
configure:7779: result: no
configure:8089: checking for gcc option to produce PIC
configure:8096: result: -fPIC -DPIC
configure:8104: checking if gcc PIC flag -fPIC -DPIC works
configure:8122: gcc -c -g -O2  -fPIC -DPIC -DPIC conftest.c >&5
configure:8126: $? = 0
configure:8139: result: yes
configure:8168: checking if gcc static flag -static works
configure:8196: result: yes
configure:8211: checking if gcc supports -c -o file.o
configure:8232: gcc -c -g -O2  -o out/conftest2.o conftest.c >&5
configure:8236: $? = 0
configure:8258: result: yes
configure:8266: checking if gcc supports -c -o file.o
configure:8313: result: yes
configure:8346: checking whether the gcc linker (/usr/bin/ld) supports shared libraries
configure:9504: result: yes
configure:9541: checking whether -lc should be explicitly linked in
configure:9549: gcc -c -g -O2  conftest.c >&5
configure:9552: $? = 0
configure:9567: gcc -shared  -fPIC -DPIC conftest.o  -v -Wl,-soname -Wl,conftest -o conftest 2\>\&1 \| /bin/grep  -lc  \>/dev/null 2\>\&1
configure:9570: $? = 0
configure:9584: result: no
configure:9749: checking dynamic linker characteristics
configure:10263: gcc -o conftest -g -O2   -Wl,-rpath -Wl,/foo conftest.c  >&5
configure:10263: $? = 0
configure:10489: result: GNU/Linux ld.so
configure:10596: checking how to hardcode library paths into programs
configure:10621: result: immediate
configure:11161: checking whether stripping libraries is possible
configure:11166: result: yes
configure:11201: checking if libtool supports shared libraries
configure:11203: result: yes
configure:11206: checking whether to build shared libraries
configure:11227: result: yes
configure:11230: checking whether to build static libraries
configure:11234: result: yes
configure:11321: checking for gcc
configure:11348: result: gcc
configure:11577: checking for C compiler version
configure:11586: gcc --version >&5
gcc (Ubuntu/Linaro 4.4.4-14ubuntu5) 4.4.5
Copyright (C) 2010 Free Software Foundation, Inc.
This is free software; see the source for copying conditions.  There is NO
warranty; not even for MERCHANTABILITY or FITNESS FOR A PARTICULAR PURPOSE.

configure:11597: $? = 0
configure:11586: gcc -v >&5
Using built-in specs.
Target: i686-linux-gnu
Configured with: ../src/configure -v --with-pkgversion='Ubuntu/Linaro 4.4.4-14ubuntu5' --with-bugurl=file:///usr/share/doc/gcc-4.4/README.Bugs --enable-languages=c,c++,fortran,objc,obj-c++ --prefix=/usr --program-suffix=-4.4 --enable-shared --enable-multiarch --enable-linker-build-id --with-system-zlib --libexecdir=/usr/lib --without-included-gettext --enable-threads=posix --with-gxx-include-dir=/usr/include/c++/4.4 --libdir=/usr/lib --enable-nls --with-sysroot=/ --enable-clocale=gnu --enable-libstdcxx-debug --enable-objc-gc --enable-targets=all --disable-werror --with-arch-32=i686 --with-tune=generic --enable-checking=release --build=i686-linux-gnu --host=i686-linux-gnu --target=i686-linux-gnu
Thread model: posix
gcc version 4.4.5 (Ubuntu/Linaro 4.4.4-14ubuntu5) 
configure:11597: $? = 0
configure:11586: gcc -V >&5
gcc: '-V' option must have argument
configure:11597: $? = 1
configure:11586: gcc -qversion >&5
gcc: unrecognized option '-qversion'
gcc: no input files
configure:11597: $? = 1
configure:11601: checking whether we are using the GNU C compiler
configure:11629: result: yes
configure:11638: checking whether gcc accepts -g
configure:11699: result: yes
configure:11716: checking for gcc option to accept ISO C89
configure:11793: result: none needed
configure:11815: checking dependency style of gcc
configure:11925: result: gcc3
configure:11941: checking whether make sets $(MAKE)
configure:11963: result: yes
configure:12339: checking fcntl.h usability
configure:12339: gcc -c -g -O2 -DLWS_NO_FORK  conftest.c >&5
configure:12339: $? = 0
configure:12339: result: yes
configure:12339: checking fcntl.h presence
configure:12339: gcc -E  conftest.c
configure:12339: $? = 0
configure:12339: result: yes
configure:12339: checking for fcntl.h
configure:12339: result: yes
configure:12339: checking netinet/in.h usability
configure:12339: gcc -c -g -O2 -DLWS_NO_FORK  conftest.c >&5
configure:12339: $? = 0
configure:12339: result: yes
configure:12339: checking netinet/in.h presence
configure:12339: gcc -E  conftest.c
configure:12339: $? = 0
configure:12339: result: yes
configure:12339: checking for netinet/in.h
configure:12339: result: yes
configure:12339: checking for stdlib.h
configure:12339: result: yes
configure:12339: checking for string.h
configure:12339: result: yes
configure:12339: checking sys/socket.h usability
configure:12339: gcc -c -g -O2 -DLWS_NO_FORK  conftest.c >&5
configure:12339: $? = 0
configure:12339: result: yes
configure:12339: checking sys/socket.h presence
configure:12339: gcc -E  conftest.c
configure:12339: $? = 0
configure:12339: result: yes
configure:12339: checking for sys/socket.h
configure:12339: result: yes
configure:12339: checking for unistd.h
configure:12339: result: yes
configure:12351: checking for size_t
configure:12351: gcc -c -g -O2 -DLWS_NO_FORK  conftest.c >&5
configure:12351: $? = 0
configure:12351: gcc -c -g -O2 -DLWS_NO_FORK  conftest.c >&5
conftest.c: In function 'main':
conftest.c:65: error: expected expression before ')' token
configure:12351: $? = 1
configure: failed program was:
| /* confdefs.h */
| #define PACKAGE_NAME "libwebsockets"
| #define PACKAGE_TARNAME "libwebsockets"
| #define PACKAGE_VERSION "0.3"
| #define PACKAGE_STRING "libwebsockets 0.3"
| #define PACKAGE_BUGREPORT "andy@warmcat.com"
| #define PACKAGE_URL ""
| #define PACKAGE "libwebsockets"
| #define VERSION "0.3"
| #define STDC_HEADERS 1
| #define HAVE_SYS_TYPES_H 1
| #define HAVE_SYS_STAT_H 1
| #define HAVE_STDLIB_H 1
| #define HAVE_STRING_H 1
| #define HAVE_MEMORY_H 1
| #define HAVE_STRINGS_H 1
| #define HAVE_INTTYPES_H 1
| #define HAVE_STDINT_H 1
| #define HAVE_UNISTD_H 1
| #define HAVE_DLFCN_H 1
| #define LT_OBJDIR ".libs/"
| #define HAVE_FCNTL_H 1
| #define HAVE_NETINET_IN_H 1
| #define HAVE_STDLIB_H 1
| #define HAVE_STRING_H 1
| #define HAVE_SYS_SOCKET_H 1
| #define HAVE_UNISTD_H 1
| /* end confdefs.h.  */
| #include <stdio.h>
| #ifdef HAVE_SYS_TYPES_H
| # include <sys/types.h>
| #endif
| #ifdef HAVE_SYS_STAT_H
| # include <sys/stat.h>
| #endif
| #ifdef STDC_HEADERS
| # include <stdlib.h>
| # include <stddef.h>
| #else
| # ifdef HAVE_STDLIB_H
| #  include <stdlib.h>
| # endif
| #endif
| #ifdef HAVE_STRING_H
| # if !defined STDC_HEADERS && defined HAVE_MEMORY_H
| #  include <memory.h>
| # endif
| # include <string.h>
| #endif
| #ifdef HAVE_STRINGS_H
| # include <strings.h>
| #endif
| #ifdef HAVE_INTTYPES_H
| # include <inttypes.h>
| #endif
| #ifdef HAVE_STDINT_H
| # include <stdint.h>
| #endif
| #ifdef HAVE_UNISTD_H
| # include <unistd.h>
| #endif
| int
| main ()
| {
| if (sizeof ((size_t)))
| 	    return 0;
|   ;
|   return 0;
| }
configure:12351: result: yes
configure:12367: checking for stdlib.h
configure:12367: result: yes
configure:12377: checking for GNU libc compatible malloc
configure:12401: gcc -o conftest -g -O2 -DLWS_NO_FORK   conftest.c  >&5
configure:12401: $? = 0
configure:12401: ./conftest
configure:12401: $? = 0
configure:12411: result: yes
configure:12434: checking for stdlib.h
configure:12434: result: yes
configure:12444: checking for GNU libc compatible realloc
configure:12468: gcc -o conftest -g -O2 -DLWS_NO_FORK   conftest.c  >&5
configure:12468: $? = 0
configure:12468: ./conftest
configure:12468: $? = 0
configure:12478: result: yes
configure:12502: checking for bzero
configure:12502: gcc -o conftest -g -O2 -DLWS_NO_FORK   conftest.c  >&5
conftest.c:56: warning: conflicting types for built-in function 'bzero'
configure:12502: $? = 0
configure:12502: result: yes
configure:12502: checking for memset
configure:12502: gcc -o conftest -g -O2 -DLWS_NO_FORK   conftest.c  >&5
conftest.c:57: warning: conflicting types for built-in function 'memset'
configure:12502: $? = 0
configure:12502: result: yes
configure:12502: checking for socket
configure:12502: gcc -o conftest -g -O2 -DLWS_NO_FORK   conftest.c  >&5
configure:12502: $? = 0
configure:12502: result: yes
configure:12502: checking for strerror
configure:12502: gcc -o conftest -g -O2 -DLWS_NO_FORK   conftest.c  >&5
configure:12502: $? = 0
configure:12502: result: yes
configure:12657: creating ./config.status

## ---------------------- ##
## Running config.status. ##
## ---------------------- ##

This file was extended by libwebsockets config.status 0.3, which was
generated by GNU Autoconf 2.68.  Invocation command line was

  CONFIG_FILES    = 
  CONFIG_HEADERS  = 
  CONFIG_LINKS    = 
  CONFIG_COMMANDS = 
  $ ./config.status 

on finchuser

config.status:1108: creating Makefile
config.status:1108: creating lib/Makefile
config.status:1108: creating test-server/Makefile
config.status:1108: creating config.h
config.status:1289: config.h is unchanged
config.status:1337: executing depfiles commands
config.status:1337: executing libtool commands

## ---------------- ##
## Cache variables. ##
## ---------------- ##

ac_cv_build=i686-pc-linux-gnu
ac_cv_c_compiler_gnu=yes
ac_cv_env_CC_set=
ac_cv_env_CC_value=
ac_cv_env_CFLAGS_set=
ac_cv_env_CFLAGS_value=
ac_cv_env_CPPFLAGS_set=
ac_cv_env_CPPFLAGS_value=
ac_cv_env_CPP_set=
ac_cv_env_CPP_value=
ac_cv_env_LDFLAGS_set=
ac_cv_env_LDFLAGS_value=
ac_cv_env_LIBS_set=
ac_cv_env_LIBS_value=
ac_cv_env_build_alias_set=
ac_cv_env_build_alias_value=
ac_cv_env_host_alias_set=
ac_cv_env_host_alias_value=
ac_cv_env_target_alias_set=
ac_cv_env_target_alias_value=
ac_cv_func_bzero=yes
ac_cv_func_malloc_0_nonnull=yes
ac_cv_func_memset=yes
ac_cv_func_realloc_0_nonnull=yes
ac_cv_func_socket=yes
ac_cv_func_strerror=yes
ac_cv_header_dlfcn_h=yes
ac_cv_header_fcntl_h=yes
ac_cv_header_inttypes_h=yes
ac_cv_header_memory_h=yes
ac_cv_header_netinet_in_h=yes
ac_cv_header_stdc=yes
ac_cv_header_stdint_h=yes
ac_cv_header_stdlib_h=yes
ac_cv_header_string_h=yes
ac_cv_header_strings_h=yes
ac_cv_header_sys_socket_h=yes
ac_cv_header_sys_stat_h=yes
ac_cv_header_sys_types_h=yes
ac_cv_header_unistd_h=yes
ac_cv_host=i686-pc-linux-gnu
ac_cv_objext=o
ac_cv_path_EGREP='/bin/grep -E'
ac_cv_path_FGREP='/bin/grep -F'
ac_cv_path_GREP=/bin/grep
ac_cv_path_SED=/bin/sed
ac_cv_path_install='/usr/bin/install -c'
ac_cv_path_mkdir=/bin/mkdir
ac_cv_prog_AWK=mawk
ac_cv_prog_CPP='gcc -E'
ac_cv_prog_ac_ct_AR=ar
ac_cv_prog_ac_ct_CC=gcc
ac_cv_prog_ac_ct_MANIFEST_TOOL=mt
ac_cv_prog_ac_ct_OBJDUMP=objdump
ac_cv_prog_ac_ct_RANLIB=ranlib
ac_cv_prog_ac_ct_STRIP=strip
ac_cv_prog_cc_c89=
ac_cv_prog_cc_g=yes
ac_cv_prog_make_make_set=yes
ac_cv_type_size_t=yes
am_cv_CC_dependencies_compiler_type=gcc3
lt_cv_ar_at_file=@
lt_cv_archive_cmds_need_lc=no
lt_cv_deplibs_check_method=pass_all
lt_cv_file_magic_cmd='$MAGIC_CMD'
lt_cv_file_magic_test_file=
lt_cv_ld_reload_flag=-r
lt_cv_nm_interface='BSD nm'
lt_cv_objdir=.libs
lt_cv_path_LD=/usr/bin/ld
lt_cv_path_NM='/usr/bin/nm -B'
lt_cv_path_mainfest_tool=no
lt_cv_prog_compiler_c_o=yes
lt_cv_prog_compiler_pic='-fPIC -DPIC'
lt_cv_prog_compiler_pic_works=yes
lt_cv_prog_compiler_rtti_exceptions=no
lt_cv_prog_compiler_static_works=yes
lt_cv_prog_gnu_ld=yes
lt_cv_sharedlib_from_linklib_cmd='printf %s\n'
lt_cv_shlibpath_overrides_runpath=no
lt_cv_sys_global_symbol_pipe='sed -n -e '\''s/^.*[	 ]\([ABCDGIRSTW][ABCDGIRSTW]*\)[	 ][	 ]*\([_A-Za-z][_A-Za-z0-9]*\)$/\1 \2 \2/p'\'' | sed '\''/ __gnu_lto/d'\'''
lt_cv_sys_global_symbol_to_c_name_address='sed -n -e '\''s/^: \([^ ]*\)[ ]*$/  {\"\1\", (void *) 0},/p'\'' -e '\''s/^[ABCDGIRSTW]* \([^ ]*\) \([^ ]*\)$/  {"\2", (void *) \&\2},/p'\'''
lt_cv_sys_global_symbol_to_c_name_address_lib_prefix='sed -n -e '\''s/^: \([^ ]*\)[ ]*$/  {\"\1\", (void *) 0},/p'\'' -e '\''s/^[ABCDGIRSTW]* \([^ ]*\) \(lib[^ ]*\)$/  {"\2", (void *) \&\2},/p'\'' -e '\''s/^[ABCDGIRSTW]* \([^ ]*\) \([^ ]*\)$/  {"lib\2", (void *) \&\2},/p'\'''
lt_cv_sys_global_symbol_to_cdecl='sed -n -e '\''s/^T .* \(.*\)$/extern int \1();/p'\'' -e '\''s/^[ABCDGIRSTW]* .* \(.*\)$/extern char \1;/p'\'''
lt_cv_sys_max_cmd_len=1572864
lt_cv_to_host_file_cmd=func_convert_file_noop
lt_cv_to_tool_file_cmd=func_convert_file_noop

## ----------------- ##
## Output variables. ##
## ----------------- ##

ACLOCAL='${SHELL} /home/finchuser/finch-websocketserver-1.0/missing --run aclocal-1.11'
AMDEPBACKSLASH='\'
AMDEP_FALSE='#'
AMDEP_TRUE=''
AMTAR='${SHELL} /home/finchuser/finch-websocketserver-1.0/missing --run tar'
AR='ar'
AUTOCONF='${SHELL} /home/finchuser/finch-websocketserver-1.0/missing --run autoconf'
AUTOHEADER='${SHELL} /home/finchuser/finch-websocketserver-1.0/missing --run autoheader'
AUTOMAKE='${SHELL} /home/finchuser/finch-websocketserver-1.0/missing --run automake-1.11'
AWK='mawk'
CC='gcc'
CCDEPMODE='depmode=gcc3'
CFLAGS='-g -O2 -DLWS_NO_FORK'
CPP='gcc -E'
CPPFLAGS=''
CYGPATH_W='echo'
DEFS='-DHAVE_CONFIG_H'
DEPDIR='.deps'
DLLTOOL='false'
DSYMUTIL=''
DUMPBIN=''
ECHO_C=''
ECHO_N='-n'
ECHO_T=''
EGREP='/bin/grep -E'
EXEEXT=''
FGREP='/bin/grep -F'
GREP='/bin/grep'
INSTALL_DATA='${INSTALL} -m 644'
INSTALL_PROGRAM='${INSTALL}'
INSTALL_SCRIPT='${INSTALL}'
INSTALL_STRIP_PROGRAM='$(install_sh) -c -s'
LD='/usr/bin/ld'
LDFLAGS=''
LIBCRYPTO_FALSE=''
LIBCRYPTO_TRUE='#'
LIBOBJS=''
LIBS=''
LIBTOOL='$(SHELL) $(top_builddir)/libtool'
LIPO=''
LN_S='ln -s'
LTLIBOBJS=''
MAKEINFO='${SHELL} /home/finchuser/finch-websocketserver-1.0/missing --run makeinfo'
MANIFEST_TOOL=':'
MKDIR_P='/bin/mkdir -p'
NM='/usr/bin/nm -B'
NMEDIT=''
NOPING_FALSE=''
NOPING_TRUE='#'
OBJDUMP='objdump'
OBJEXT='o'
OTOOL64=''
OTOOL=''
PACKAGE='libwebsockets'
PACKAGE_BUGREPORT='andy@warmcat.com'
PACKAGE_NAME='libwebsockets'
PACKAGE_STRING='libwebsockets 0.3'
PACKAGE_TARNAME='libwebsockets'
PACKAGE_URL=''
PACKAGE_VERSION='0.3'
PATH_SEPARATOR=':'
RANLIB='ranlib'
SED='/bin/sed'
SET_MAKE=''
SHELL='/bin/bash'
STRIP='strip'
VERSION='0.3'
ac_ct_AR='ar'
ac_ct_CC='gcc'
ac_ct_DUMPBIN=''
am__EXEEXT_FALSE=''
am__EXEEXT_TRUE='#'
am__fastdepCC_FALSE='#'
am__fastdepCC_TRUE=''
am__include='include'
am__isrc=''
am__leading_dot='.'
am__quote=''
am__tar='${AMTAR} chof - "$$tardir"'
am__untar='${AMTAR} xf -'
bindir='${exec_prefix}/bin'
build='i686-pc-linux-gnu'
build_alias=''
build_cpu='i686'
build_os='linux-gnu'
build_vendor='pc'
clientcertdir='/etc/pki/tls/certs/'
datadir='${datarootdir}'
datarootdir='${prefix}/share'
docdir='${datarootdir}/doc/${PACKAGE_TARNAME}'
dvidir='${docdir}'
exec_prefix='${prefix}'
host='i686-pc-linux-gnu'
host_alias=''
host_cpu='i686'
host_os='linux-gnu'
host_vendor='pc'
htmldir='${docdir}'
includedir='${prefix}/include'
infodir='${datarootdir}/info'
install_sh='${SHELL} /home/finchuser/finch-websocketserver-1.0/install-sh'
libdir='${exec_prefix}/lib'
libexecdir='${exec_prefix}/libexec'
localedir='${datarootdir}/locale'
localstatedir='${prefix}/var'
mandir='${datarootdir}/man'
mkdir_p='/bin/mkdir -p'
oldincludedir='/usr/include'
pdfdir='${docdir}'
prefix='/usr/local'
program_transform_name='s,x,x,'
psdir='${docdir}'
sbindir='${exec_prefix}/sbin'
sharedstatedir='${prefix}/com'
sysconfdir='${prefix}/etc'
target_alias=''

## ----------- ##
## confdefs.h. ##
## ----------- ##

/* confdefs.h */
#define PACKAGE_NAME "libwebsockets"
#define PACKAGE_TARNAME "libwebsockets"
#define PACKAGE_VERSION "0.3"
#define PACKAGE_STRING "libwebsockets 0.3"
#define PACKAGE_BUGREPORT "andy@warmcat.com"
#define PACKAGE_URL ""
#define PACKAGE "libwebsockets"
#define VERSION "0.3"
#define STDC_HEADERS 1
#define HAVE_SYS_TYPES_H 1
#define HAVE_SYS_STAT_H 1
#define HAVE_STDLIB_H 1
#define HAVE_STRING_H 1
#define HAVE_MEMORY_H 1
#define HAVE_STRINGS_H 1
#define HAVE_INTTYPES_H 1
#define HAVE_STDINT_H 1
#define HAVE_UNISTD_H 1
#define HAVE_DLFCN_H 1
#define LT_OBJDIR ".libs/"
#define HAVE_FCNTL_H 1
#define HAVE_NETINET_IN_H 1
#define HAVE_STDLIB_H 1
#define HAVE_STRING_H 1
#define HAVE_SYS_SOCKET_H 1
#define HAVE_UNISTD_H 1
#define HAVE_STDLIB_H 1
#define HAVE_MALLOC 1
#define HAVE_STDLIB_H 1
#define HAVE_REALLOC 1
#define HAVE_BZERO 1
#define HAVE_MEMSET 1
#define HAVE_SOCKET 1
#define HAVE_STRERROR 1

configure: exit 0
